Traceback (most recent call last):
  File "sendingData.py", line 5, in <module>
    confuse = Ipt.ImageProcessing()
  File "/home/pi/Team-Insight/ImageProcessing/ImageProcessingTest2.py", line 23, in ImageProcessing
    b2 = src_img.item(y, x, 0)
AttributeError: 'NoneType' object has no attribute 'item'
Traceback (most recent call last):
  File "sendingData.py", line 11, in <module>
    cur.execute(sql)
  File "/usr/local/lib/python3.7/dist-packages/pymysql/cursors.py", line 170, in execute
    result = self._query(query)
  File "/usr/local/lib/python3.7/dist-packages/pymysql/cursors.py", line 328, in _query
    conn.query(q)
  File "/usr/local/lib/python3.7/dist-packages/pymysql/connections.py", line 517, in query
    self._affected_rows = self._read_query_result(unbuffered=unbuffered)
  File "/usr/local/lib/python3.7/dist-packages/pymysql/connections.py", line 732, in _read_query_result
    result.read()
  File "/usr/local/lib/python3.7/dist-packages/pymysql/connections.py", line 1075, in read
    first_packet = self.connection._read_packet()
  File "/usr/local/lib/python3.7/dist-packages/pymysql/connections.py", line 684, in _read_packet
    packet.check_error()
  File "/usr/local/lib/python3.7/dist-packages/pymysql/protocol.py", line 220, in check_error
    err.raise_mysql_exception(self._data)
  File "/usr/local/lib/python3.7/dist-packages/pymysql/err.py", line 109, in raise_mysql_exception
    raise errorclass(errno, errval)
pymysql.err.InternalError: (1136, "Column count doesn't match value count at row 1")
Traceback (most recent call last):
  File "sendingData.py", line 11, in <module>
    cur.execute(sql)
  File "/usr/local/lib/python3.7/dist-packages/pymysql/cursors.py", line 170, in execute
    result = self._query(query)
  File "/usr/local/lib/python3.7/dist-packages/pymysql/cursors.py", line 328, in _query
    conn.query(q)
  File "/usr/local/lib/python3.7/dist-packages/pymysql/connections.py", line 517, in query
    self._affected_rows = self._read_query_result(unbuffered=unbuffered)
  File "/usr/local/lib/python3.7/dist-packages/pymysql/connections.py", line 732, in _read_query_result
    result.read()
  File "/usr/local/lib/python3.7/dist-packages/pymysql/connections.py", line 1075, in read
    first_packet = self.connection._read_packet()
  File "/usr/local/lib/python3.7/dist-packages/pymysql/connections.py", line 684, in _read_packet
    packet.check_error()
  File "/usr/local/lib/python3.7/dist-packages/pymysql/protocol.py", line 220, in check_error
    err.raise_mysql_exception(self._data)
  File "/usr/local/lib/python3.7/dist-packages/pymysql/err.py", line 109, in raise_mysql_exception
    raise errorclass(errno, errval)
pymysql.err.InternalError: (1136, "Column count doesn't match value count at row 1")
Traceback (most recent call last):
  File "/usr/local/lib/python3.7/dist-packages/pymysql/connections.py", line 583, in connect
    **kwargs)
  File "/usr/lib/python3.7/socket.py", line 727, in create_connection
    raise err
  File "/usr/lib/python3.7/socket.py", line 716, in create_connection
    sock.connect(sa)
socket.timeout: timed out

During handling of the above exception, another exception occurred:

Traceback (most recent call last):
  File "sendingData.py", line 7, in <module>
    conn = pymysql.connect(host='115.31.121.82', port=8009, user='phpmyadmin', passwd='0050', db='CLA')
  File "/usr/local/lib/python3.7/dist-packages/pymysql/__init__.py", line 94, in Connect
    return Connection(*args, **kwargs)
  File "/usr/local/lib/python3.7/dist-packages/pymysql/connections.py", line 325, in __init__
    self.connect()
  File "/usr/local/lib/python3.7/dist-packages/pymysql/connections.py", line 630, in connect
    raise exc
pymysql.err.OperationalError: (2003, "Can't connect to MySQL server on '115.31.121.82' (timed out)")
Premature end of JPEG file
Premature end of JPEG file
Traceback (most recent call last):
  File "sendingData.py", line 5, in <module>
    confuse = Ipt.ImageProcessing()
  File "/home/pi/Team-Insight/ImageProcessing/ImageProcessingTest2.py", line 23, in ImageProcessing
    b2 = src_img.item(y, x, 0)
AttributeError: 'NoneType' object has no attribute 'item'
done 1
done 2
done 3
done 4
done 5
done 6
done 7
done 8
done 9
done 10
done 11
done 12
done 13
done 14
done 15
done 16
done 17
done 18
done 19
done 20
done 21
done 22
done 23
done 24
done 25
done 26
done 27
done 28
done 29
done 30
done 31
done 32
done 33
done 34
done 35
done 36
done 37
done 38
done 39
done 40
done 41
done 42
done 43
done 44
done 45
done 46
done 47
done 48
done 49
done 50
done 51
done 52
done 53
done 54
done 55
done 56
done 57
done 58
done 59
done 60
done 61
done 62
done 63
done 64
done 65
done 66
done 67
done 68
done 69
done 70
done 71
done 72
done 73
done 74
done 75
done 76
done 77
done 78
done 79
done 80
done 81
done 82
done 83
done 84
done 85
done 86
done 87
done 88
done 89
done 90
done 91
done 92
done 93
done 94
done 95
done 96
done 97
done 98
done 99
done 100
done 101
done 102
done 103
done 104
done 105
done 106
done 107
done 108
done 109
done 110
done 111
done 112
done 113
done 114
done 115
done 116
done 117
done 118
done 119
done 120
done 121
done 122
done 123
done 124
done 125
done 126
done 127
done 128
done 129
done 130
done 131
done 132
done 133
done 134
done 135
done 136
done 137
done 138
done 139
done 140
done 141
done 142
done 143
done 144
done 145
done 146
done 147
done 148
done 149
done 150
done 151
done 152
done 153
done 154
done 155
done 156
done 157
done 158
done 159
done 160
done 161
done 162
done 163
done 164
done 165
done 166
done 167
done 168
done 169
done 170
done 171
done 172
done 173
done 174
done 175
done 176
done 177
done 178
done 179
done 180
done 181
done 182
done 183
done 184
done 185
done 186
done 187
done 188
done 189
done 190
done 191
done 192
done 193
done 194
done 195
done 196
done 197
done 198
done 199
done 200
done 201
done 202
done 203
done 204
done 205
done 206
done 207
done 208
done 209
done 210
done 211
done 212
done 213
done 214
done 215
done 216
done 217
done 218
done 219
done 220
done 221
done 222
done 223
done 224
done 225
done 226
done 227
done 228
done 229
done 230
done 231
done 232
done 233
done 234
done 235
done 236
done 237
done 238
done 239
done 240
done 241
done 242
done 243
done 244
done 245
done 246
done 247
done 248
done 249
done 250
done 251
done 252
done 253
done 254
done 255
done 256
done 257
done 258
done 259
done 260
done 261
done 262
done 263
done 264
done 265
done 266
done 267
done 268
done 269
done 270
done 271
done 272
done 273
done 274
done 275
done 276
done 277
done 278
done 279
done 280
done 281
done 282
done 283
done 284
done 285
done 286
done 287
done 288
done 289
done 290
done 291
done 292
done 293
done 294
done 295
done 296
done 297
done 298
done 299
done 300
done 301
done 302
done 303
done 304
done 305
done 306
done 307
done 308
done 309
done 310
done 311
done 312
done 313
done 314
done 315
done 316
done 317
done 318
done 319
done 320
done 321
done 322
done 323
done 324
done 325
done 326
done 327
done 328
done 329
done 330
done 331
done 332
done 333
done 334
done 335
done 336
done 337
done 338
done 339
done 340
done 341
done 342
done 343
done 344
done 345
done 346
done 347
done 348
done 349
done 350
done 351
done 352
done 353
done 354
done 355
done 356
done 357
done 358
done 359
done 360
done 361
done 362
done 363
done 364
done 365
done 366
done 367
done 368
done 369
done 370
done 371
done 372
done 373
done 374
done 375
done 376
done 377
done 378
done 379
done 380
done 381
done 382
done 383
done 384
done 385
done 386
done 387
done 388
done 389
done 390
done 391
done 392
done 393
done 394
done 395
done 396
done 397
done 398
done 399
done 400
done 401
done 402
done 403
done 404
done 405
done 406
done 407
done 408
done 409
done 410
done 411
done 412
done 413
done 414
done 415
done 416
done 417
done 418
done 419
done 420
done 421
done 422
done 423
done 424
done 425
done 426
done 427
done 428
done 429
done 430
done 431
done 432
done 433
done 434
done 435
done 436
done 437
done 438
done 439
done 440
done 441
done 442
done 443
done 444
done 445
done 446
done 447
done 448
done 449
done 450
done 451
done 452
done 453
done 454
done 455
done 456
done 457
done 458
done 459
done 460
done 461
done 462
done 463
done 464
done 465
done 466
done 467
done 468
done 469
done 470
done 471
done 472
done 473
done 474
done 475
done 476
done 477
done 478
done 479
done 480
done 481
done 482
done 483
done 484
done 485
done 486
done 487
done 488
done 489
done 490
done 491
done 492
done 493
done 494
done 495
done 496
done 497
done 498
done 499
done 500
done 501
done 502
done 503
done 504
done 505
done 506
done 507
done 508
done 509
done 510
done 511
done 512
done 513
done 514
done 515
done 516
done 517
done 518
done 519
done 520
done 521
done 522
done 523
done 524
done 525
done 526
done 527
done 528
done 529
done 530
done 531
done 532
done 533
done 534
done 535
done 536
done 537
done 538
done 539
done 540
done 541
done 542
done 543
done 544
done 545
done 546
done 547
done 548
done 549
done 550
done 551
done 552
done 553
done 554
done 555
done 556
done 557
done 558
done 559
done 560
done 561
done 562
done 563
done 564
done 565
done 566
done 567
done 568
done 569
done 570
done 571
done 572
done 573
done 574
done 575
done 576
done 577
done 578
done 579
done 580
done 581
done 582
done 583
done 584
done 585
done 586
done 587
done 588
done 589
done 590
done 591
done 592
done 593
done 594
done 595
done 596
done 597
done 598
done 599
done 600
done 601
done 602
done 603
done 604
done 605
done 606
done 607
done 608
done 609
done 610
done 611
done 612
done 613
done 614
done 615
done 616
done 617
done 618
done 619
done 620
done 621
done 622
done 623
done 624
done 625
done 626
done 627
done 628
done 629
done 630
done 631
done 632
done 633
done 634
done 635
done 636
done 637
done 638
done 639
done 640
done 641
done 642
done 643
done 644
done 645
done 646
done 647
done 648
done 649
done 650
done 651
done 652
done 653
done 654
done 655
done 656
done 657
done 658
done 659
done 660
done 661
done 662
done 663
done 664
done 665
done 666
done 667
done 668
done 669
done 670
done 671
done 672
done 673
done 674
done 675
done 676
done 677
done 678
done 679
done 680
done 681
done 682
done 683
done 684
done 685
done 686
done 687
done 688
done 689
done 690
done 691
done 692
done 693
done 694
done 695
done 696
done 697
done 698
done 699
done 700
done 701
done 702
done 703
done 704
done 705
done 706
done 707
done 708
done 709
done 710
done 711
done 712
done 713
done 714
done 715
done 716
done 717
done 718
done 719
done 720
done 721
done 722
done 723
done 724
done 725
done 726
done 727
done 728
done 729
done 730
done 731
done 732
done 733
done 734
done 735
done 736
done 737
done 738
done 739
done 740
done 741
done 742
done 743
done 744
done 745
done 746
done 747
done 748
done 749
done 750
done 751
done 752
done 753
done 754
done 755
done 756
done 757
done 758
done 759
done 760
done 761
done 762
done 763
done 764
done 765
done 766
done 767
done 768
done 769
done 770
done 771
done 772
done 773
done 774
done 775
done 776
done 777
done 778
done 779
done 780
done 781
done 782
done 783
done 784
done 785
done 786
done 787
done 788
done 789
done 790
done 791
done 792
done 793
done 794
done 795
done 796
done 797
done 798
done 799
done 800
done 801
done 802
done 803
done 804
done 805
done 806
done 807
done 808
done 809
done 810
done 811
done 812
done 813
done 814
done 815
done 816
done 817
done 818
done 819
done 820
done 821
done 822
done 823
done 824
done 825
done 826
done 827
done 828
done 829
done 830
done 831
done 832
done 833
done 834
done 835
done 836
done 837
done 838
done 839
done 840
done 841
done 842
done 843
done 844
done 845
done 846
done 847
done 848
done 849
done 850
done 851
done 852
done 853
done 854
done 855
done 856
done 857
done 858
done 859
done 860
done 861
done 862
done 863
done 864
done 865
done 866
done 867
done 868
done 869
done 870
done 871
done 872
done 873
done 874
done 875
done 876
done 877
done 878
done 879
done 880
done 881
done 882
done 883
done 884
done 885
done 886
done 887
done 888
done 889
done 890
done 891
done 892
done 893
done 894
done 895
done 896
done 897
done 898
done 899
done 900
done 901
done 902
done 903
done 904
done 905
done 906
done 907
done 908
done 909
done 910
done 911
done 912
done 913
done 914
done 915
done 916
done 917
done 918
done 919
done 920
done 921
done 922
done